c:\users\hjhje\downloads\pmdsoftwarenion600\c-motionprp2sdk100\hostcode\examples\nioncme\release\vc143.pdb
c:\users\hjhje\downloads\pmdsoftwarenion600\c-motionprp2sdk100\hostcode\examples\nioncme\release\fullmotionrange.obj
c:\users\hjhje\downloads\pmdsoftwarenion600\c-motionprp2sdk100\hostcode\examples\nioncme\release\pro-motionexport.obj
c:\users\hjhje\downloads\pmdsoftwarenion600\c-motionprp2sdk100\hostcode\examples\nioncme\release\nioncme.obj
c:\users\hjhje\downloads\pmdsoftwarenion600\c-motionprp2sdk100\hostcode\examples\nioncme\release\vc143.idb
c:\users\hjhje\downloads\pmdsoftwarenion600\c-motionprp2sdk100\hostcode\examples\nioncme\release\pmdutil.obj
c:\users\hjhje\downloads\pmdsoftwarenion600\c-motionprp2sdk100\hostcode\examples\nioncme\release\pmdtrans.obj
c:\users\hjhje\downloads\pmdsoftwarenion600\c-motionprp2sdk100\hostcode\examples\nioncme\release\pmdspi.obj
c:\users\hjhje\downloads\pmdsoftwarenion600\c-motionprp2sdk100\hostcode\examples\nioncme\release\pmdser.obj
c:\users\hjhje\downloads\pmdsoftwarenion600\c-motionprp2sdk100\hostcode\examples\nioncme\release\pmdptcp.obj
c:\users\hjhje\downloads\pmdsoftwarenion600\c-motionprp2sdk100\hostcode\examples\nioncme\release\pmdpspi.obj
c:\users\hjhje\downloads\pmdsoftwarenion600\c-motionprp2sdk100\hostcode\examples\nioncme\release\pmdpser.obj
c:\users\hjhje\downloads\pmdsoftwarenion600\c-motionprp2sdk100\hostcode\examples\nioncme\release\pmdpcan.obj
c:\users\hjhje\downloads\pmdsoftwarenion600\c-motionprp2sdk100\hostcode\examples\nioncme\release\pmdopen.obj
c:\users\hjhje\downloads\pmdsoftwarenion600\c-motionprp2sdk100\hostcode\examples\nioncme\release\pmdixxatcan4.obj
c:\users\hjhje\downloads\pmdsoftwarenion600\c-motionprp2sdk100\hostcode\examples\nioncme\release\pmddiag.obj
c:\users\hjhje\downloads\pmdsoftwarenion600\c-motionprp2sdk100\hostcode\examples\nioncme\release\pmdcommon.obj
c:\users\hjhje\downloads\pmdsoftwarenion600\c-motionprp2sdk100\hostcode\examples\nioncme\release\pmdcan.obj
c:\users\hjhje\downloads\pmdsoftwarenion600\c-motionprp2sdk100\hostcode\examples\nioncme\release\examples.obj
c:\users\hjhje\downloads\pmdsoftwarenion600\c-motionprp2sdk100\hostcode\examples\nioncme\release\c-motion.obj
c:\users\hjhje\downloads\pmdsoftwarenion600\c-motionprp2sdk100\hostcode\examples\nioncme\release\write.obj
c:\users\hjhje\downloads\pmdsoftwarenion600\c-motionprp2sdk100\hostcode\examples\nioncme\release\tracetest.obj
c:\users\hjhje\downloads\pmdsoftwarenion600\c-motionprp2sdk100\hostcode\examples\nioncme\release\torqueresistmode.obj
c:\users\hjhje\downloads\pmdsoftwarenion600\c-motionprp2sdk100\hostcode\examples\nioncme\release\torqueresist2.obj
c:\users\hjhje\downloads\pmdsoftwarenion600\c-motionprp2sdk100\hostcode\examples\nioncme\release\torquemode.obj
c:\users\hjhje\downloads\pmdsoftwarenion600\c-motionprp2sdk100\hostcode\examples\nioncme\release\torqueanalog.obj
c:\users\hjhje\downloads\pmdsoftwarenion600\c-motionprp2sdk100\hostcode\examples\nioncme\release\stepinput2.obj
c:\users\hjhje\downloads\pmdsoftwarenion600\c-motionprp2sdk100\hostcode\examples\nioncme\release\stepinput.obj
c:\users\hjhje\downloads\pmdsoftwarenion600\c-motionprp2sdk100\hostcode\examples\nioncme\release\settrace.obj
c:\users\hjhje\downloads\pmdsoftwarenion600\c-motionprp2sdk100\hostcode\examples\nioncme\release\reversemove.obj
c:\users\hjhje\downloads\pmdsoftwarenion600\c-motionprp2sdk100\hostcode\examples\nioncme\release\resistmode.obj
c:\users\hjhje\downloads\pmdsoftwarenion600\c-motionprp2sdk100\hostcode\examples\nioncme\release\motioncycle.obj
c:\users\hjhje\downloads\pmdsoftwarenion600\c-motionprp2sdk100\hostcode\examples\nioncme\release\motioncomtest.obj
c:\users\hjhje\downloads\pmdsoftwarenion600\c-motionprp2sdk100\hostcode\examples\nioncme\release\loadcelltest.obj
c:\users\hjhje\downloads\pmdsoftwarenion600\c-motionprp2sdk100\hostcode\examples\nioncme\release\homecapture.obj
c:\users\hjhje\downloads\pmdsoftwarenion600\c-motionprp2sdk100\hostcode\examples\nioncme\release\comfunc.obj
c:\users\hjhje\downloads\pmdsoftwarenion600\c-motionprp2sdk100\hostcode\examples\nioncme\release\analogexample.obj
c:\users\hjhje\downloads\pmdsoftwarenion600\c-motionprp2sdk100\hostcode\examples\nioncme\release\pmdrpperiph.obj
c:\users\hjhje\downloads\pmdsoftwarenion600\c-motionprp2sdk100\hostcode\examples\nioncme\release\pmdrpdevice.obj
c:\users\hjhje\downloads\pmdsoftwarenion600\c-motionprp2sdk100\hostcode\examples\nioncme\release\pmdrp.obj
c:\users\hjhje\downloads\pmdsoftwarenion600\c-motionprp2sdk100\hostcode\examples\nioncme\release\writeexceldirect.obj
c:\users\hjhje\downloads\pmdsoftwarenion600\c-motionprp2sdk100\hostcode\examples\nioncme\release\writeexcel2.obj
c:\users\hjhje\downloads\pmdsoftwarenion600\c-motionprp2sdk100\hostcode\examples\nioncme\release\writeexcel.obj
c:\users\hjhje\downloads\pmdsoftwarenion600\c-motionprp2sdk100\hostcode\examples\nioncme\release\write2xlsx.obj
c:\users\hjhje\downloads\pmdsoftwarenion600\c-motionprp2sdk100\hostcode\examples\nioncme\release\write2csv.obj
c:\users\hjhje\downloads\pmdsoftwarenion600\c-motionprp2sdk100\hostcode\examples\nioncme\release\nioncme.pdb
c:\users\hjhje\downloads\pmdsoftwarenion600\c-motionprp2sdk100\hostcode\examples\nioncme\release\nioncme.tlog\cl.command.1.tlog
c:\users\hjhje\downloads\pmdsoftwarenion600\c-motionprp2sdk100\hostcode\examples\nioncme\release\nioncme.tlog\cl.items.tlog
c:\users\hjhje\downloads\pmdsoftwarenion600\c-motionprp2sdk100\hostcode\examples\nioncme\release\nioncme.tlog\cl.read.1.tlog
c:\users\hjhje\downloads\pmdsoftwarenion600\c-motionprp2sdk100\hostcode\examples\nioncme\release\nioncme.tlog\cl.write.1.tlog
c:\users\hjhje\downloads\pmdsoftwarenion600\c-motionprp2sdk100\hostcode\examples\nioncme\release\nioncme.tlog\link.command.1.tlog
c:\users\hjhje\downloads\pmdsoftwarenion600\c-motionprp2sdk100\hostcode\examples\nioncme\release\nioncme.tlog\link.read.1.tlog
c:\users\hjhje\downloads\pmdsoftwarenion600\c-motionprp2sdk100\hostcode\examples\nioncme\release\nioncme.tlog\link.secondary.1.tlog
c:\users\hjhje\downloads\pmdsoftwarenion600\c-motionprp2sdk100\hostcode\examples\nioncme\release\nioncme.tlog\link.write.1.tlog
