c:\users\hjhje\downloads\pmdsoftwarenion600\c-motionprp2sdk100\hostcode\examples\nioncme\x64\debug\vc143.pdb
c:\users\hjhje\downloads\pmdsoftwarenion600\c-motionprp2sdk100\hostcode\examples\nioncme\x64\debug\c-motion.sbr
c:\users\hjhje\downloads\pmdsoftwarenion600\c-motionprp2sdk100\hostcode\examples\nioncme\x64\debug\examples.sbr
c:\users\hjhje\downloads\pmdsoftwarenion600\c-motionprp2sdk100\hostcode\examples\nioncme\x64\debug\pmdcan.sbr
c:\users\hjhje\downloads\pmdsoftwarenion600\c-motionprp2sdk100\hostcode\examples\nioncme\x64\debug\pmdcommon.sbr
c:\users\hjhje\downloads\pmdsoftwarenion600\c-motionprp2sdk100\hostcode\examples\nioncme\x64\debug\pmddiag.sbr
c:\users\hjhje\downloads\pmdsoftwarenion600\c-motionprp2sdk100\hostcode\examples\nioncme\x64\debug\pmdixxatcan4.sbr
c:\users\hjhje\downloads\pmdsoftwarenion600\c-motionprp2sdk100\hostcode\examples\nioncme\x64\debug\pmdopen.sbr
c:\users\hjhje\downloads\pmdsoftwarenion600\c-motionprp2sdk100\hostcode\examples\nioncme\x64\debug\pmdpcan.sbr
c:\users\hjhje\downloads\pmdsoftwarenion600\c-motionprp2sdk100\hostcode\examples\nioncme\x64\debug\pmdpser.sbr
c:\users\hjhje\downloads\pmdsoftwarenion600\c-motionprp2sdk100\hostcode\examples\nioncme\x64\debug\pmdpspi.sbr
c:\users\hjhje\downloads\pmdsoftwarenion600\c-motionprp2sdk100\hostcode\examples\nioncme\x64\debug\pmdptcp.sbr
c:\users\hjhje\downloads\pmdsoftwarenion600\c-motionprp2sdk100\hostcode\examples\nioncme\x64\debug\pmdser.sbr
c:\users\hjhje\downloads\pmdsoftwarenion600\c-motionprp2sdk100\hostcode\examples\nioncme\x64\debug\pmdspi.sbr
c:\users\hjhje\downloads\pmdsoftwarenion600\c-motionprp2sdk100\hostcode\examples\nioncme\x64\debug\pmdtrans.sbr
c:\users\hjhje\downloads\pmdsoftwarenion600\c-motionprp2sdk100\hostcode\examples\nioncme\x64\debug\pmdutil.sbr
c:\users\hjhje\downloads\pmdsoftwarenion600\c-motionprp2sdk100\hostcode\examples\nioncme\x64\debug\nioncme.sbr
c:\users\hjhje\downloads\pmdsoftwarenion600\c-motionprp2sdk100\hostcode\examples\nioncme\x64\debug\pro-motionexport.sbr
c:\users\hjhje\downloads\pmdsoftwarenion600\c-motionprp2sdk100\hostcode\examples\nioncme\x64\debug\fullmotionrange.sbr
c:\users\hjhje\downloads\pmdsoftwarenion600\c-motionprp2sdk100\hostcode\examples\nioncme\x64\debug\spimaster.sbr
c:\users\hjhje\downloads\pmdsoftwarenion600\c-motionprp2sdk100\hostcode\examples\nioncme\x64\debug\spimaster.obj
c:\users\hjhje\downloads\pmdsoftwarenion600\c-motionprp2sdk100\hostcode\examples\nioncme\x64\debug\fullmotionrange.obj
c:\users\hjhje\downloads\pmdsoftwarenion600\c-motionprp2sdk100\hostcode\examples\nioncme\x64\debug\pro-motionexport.obj
c:\users\hjhje\downloads\pmdsoftwarenion600\c-motionprp2sdk100\hostcode\examples\nioncme\x64\debug\nioncme.obj
c:\users\hjhje\downloads\pmdsoftwarenion600\c-motionprp2sdk100\hostcode\examples\nioncme\x64\debug\pmdutil.obj
c:\users\hjhje\downloads\pmdsoftwarenion600\c-motionprp2sdk100\hostcode\examples\nioncme\x64\debug\pmdtrans.obj
c:\users\hjhje\downloads\pmdsoftwarenion600\c-motionprp2sdk100\hostcode\examples\nioncme\x64\debug\pmdspi.obj
c:\users\hjhje\downloads\pmdsoftwarenion600\c-motionprp2sdk100\hostcode\examples\nioncme\x64\debug\pmdser.obj
c:\users\hjhje\downloads\pmdsoftwarenion600\c-motionprp2sdk100\hostcode\examples\nioncme\x64\debug\pmdptcp.obj
c:\users\hjhje\downloads\pmdsoftwarenion600\c-motionprp2sdk100\hostcode\examples\nioncme\x64\debug\pmdpspi.obj
c:\users\hjhje\downloads\pmdsoftwarenion600\c-motionprp2sdk100\hostcode\examples\nioncme\x64\debug\pmdpser.obj
c:\users\hjhje\downloads\pmdsoftwarenion600\c-motionprp2sdk100\hostcode\examples\nioncme\x64\debug\pmdpcan.obj
c:\users\hjhje\downloads\pmdsoftwarenion600\c-motionprp2sdk100\hostcode\examples\nioncme\x64\debug\pmdopen.obj
c:\users\hjhje\downloads\pmdsoftwarenion600\c-motionprp2sdk100\hostcode\examples\nioncme\x64\debug\pmdixxatcan4.obj
c:\users\hjhje\downloads\pmdsoftwarenion600\c-motionprp2sdk100\hostcode\examples\nioncme\x64\debug\pmddiag.obj
c:\users\hjhje\downloads\pmdsoftwarenion600\c-motionprp2sdk100\hostcode\examples\nioncme\x64\debug\pmdcommon.obj
c:\users\hjhje\downloads\pmdsoftwarenion600\c-motionprp2sdk100\hostcode\examples\nioncme\x64\debug\pmdcan.obj
c:\users\hjhje\downloads\pmdsoftwarenion600\c-motionprp2sdk100\hostcode\examples\nioncme\x64\debug\examples.obj
c:\users\hjhje\downloads\pmdsoftwarenion600\c-motionprp2sdk100\hostcode\examples\nioncme\x64\debug\c-motion.obj
c:\users\hjhje\downloads\pmdsoftwarenion600\c-motionprp2sdk100\hostcode\examples\nioncme\x64\debug\pmdrp.sbr
c:\users\hjhje\downloads\pmdsoftwarenion600\c-motionprp2sdk100\hostcode\examples\nioncme\x64\debug\pmdrpdevice.sbr
c:\users\hjhje\downloads\pmdsoftwarenion600\c-motionprp2sdk100\hostcode\examples\nioncme\x64\debug\pmdrpperiph.sbr
c:\users\hjhje\downloads\pmdsoftwarenion600\c-motionprp2sdk100\hostcode\examples\nioncme\x64\debug\admittance.sbr
c:\users\hjhje\downloads\pmdsoftwarenion600\c-motionprp2sdk100\hostcode\examples\nioncme\x64\debug\analogexample.sbr
c:\users\hjhje\downloads\pmdsoftwarenion600\c-motionprp2sdk100\hostcode\examples\nioncme\x64\debug\assistive.sbr
c:\users\hjhje\downloads\pmdsoftwarenion600\c-motionprp2sdk100\hostcode\examples\nioncme\x64\debug\comfunc.sbr
c:\users\hjhje\downloads\pmdsoftwarenion600\c-motionprp2sdk100\hostcode\examples\nioncme\x64\debug\homecapture.sbr
c:\users\hjhje\downloads\pmdsoftwarenion600\c-motionprp2sdk100\hostcode\examples\nioncme\x64\debug\loadcelltest.sbr
c:\users\hjhje\downloads\pmdsoftwarenion600\c-motionprp2sdk100\hostcode\examples\nioncme\x64\debug\motioncomtest.sbr
c:\users\hjhje\downloads\pmdsoftwarenion600\c-motionprp2sdk100\hostcode\examples\nioncme\x64\debug\motioncycle.sbr
c:\users\hjhje\downloads\pmdsoftwarenion600\c-motionprp2sdk100\hostcode\examples\nioncme\x64\debug\passivemode.sbr
c:\users\hjhje\downloads\pmdsoftwarenion600\c-motionprp2sdk100\hostcode\examples\nioncme\x64\debug\resistmode.sbr
c:\users\hjhje\downloads\pmdsoftwarenion600\c-motionprp2sdk100\hostcode\examples\nioncme\x64\debug\resisttorquegoal.sbr
c:\users\hjhje\downloads\pmdsoftwarenion600\c-motionprp2sdk100\hostcode\examples\nioncme\x64\debug\reversemove.sbr
c:\users\hjhje\downloads\pmdsoftwarenion600\c-motionprp2sdk100\hostcode\examples\nioncme\x64\debug\settrace.sbr
c:\users\hjhje\downloads\pmdsoftwarenion600\c-motionprp2sdk100\hostcode\examples\nioncme\x64\debug\stepinput.sbr
c:\users\hjhje\downloads\pmdsoftwarenion600\c-motionprp2sdk100\hostcode\examples\nioncme\x64\debug\stepinput2.sbr
c:\users\hjhje\downloads\pmdsoftwarenion600\c-motionprp2sdk100\hostcode\examples\nioncme\x64\debug\torqueanalog.sbr
c:\users\hjhje\downloads\pmdsoftwarenion600\c-motionprp2sdk100\hostcode\examples\nioncme\x64\debug\torquemode.sbr
c:\users\hjhje\downloads\pmdsoftwarenion600\c-motionprp2sdk100\hostcode\examples\nioncme\x64\debug\torquemode.obj
c:\users\hjhje\downloads\pmdsoftwarenion600\c-motionprp2sdk100\hostcode\examples\nioncme\x64\debug\torqueanalog.obj
c:\users\hjhje\downloads\pmdsoftwarenion600\c-motionprp2sdk100\hostcode\examples\nioncme\x64\debug\stepinput2.obj
c:\users\hjhje\downloads\pmdsoftwarenion600\c-motionprp2sdk100\hostcode\examples\nioncme\x64\debug\stepinput.obj
c:\users\hjhje\downloads\pmdsoftwarenion600\c-motionprp2sdk100\hostcode\examples\nioncme\x64\debug\settrace.obj
c:\users\hjhje\downloads\pmdsoftwarenion600\c-motionprp2sdk100\hostcode\examples\nioncme\x64\debug\reversemove.obj
c:\users\hjhje\downloads\pmdsoftwarenion600\c-motionprp2sdk100\hostcode\examples\nioncme\x64\debug\resisttorquegoal.obj
c:\users\hjhje\downloads\pmdsoftwarenion600\c-motionprp2sdk100\hostcode\examples\nioncme\x64\debug\resistmode.obj
c:\users\hjhje\downloads\pmdsoftwarenion600\c-motionprp2sdk100\hostcode\examples\nioncme\x64\debug\passivemode.obj
c:\users\hjhje\downloads\pmdsoftwarenion600\c-motionprp2sdk100\hostcode\examples\nioncme\x64\debug\motioncycle.obj
c:\users\hjhje\downloads\pmdsoftwarenion600\c-motionprp2sdk100\hostcode\examples\nioncme\x64\debug\motioncomtest.obj
c:\users\hjhje\downloads\pmdsoftwarenion600\c-motionprp2sdk100\hostcode\examples\nioncme\x64\debug\loadcelltest.obj
c:\users\hjhje\downloads\pmdsoftwarenion600\c-motionprp2sdk100\hostcode\examples\nioncme\x64\debug\homecapture.obj
c:\users\hjhje\downloads\pmdsoftwarenion600\c-motionprp2sdk100\hostcode\examples\nioncme\x64\debug\comfunc.obj
c:\users\hjhje\downloads\pmdsoftwarenion600\c-motionprp2sdk100\hostcode\examples\nioncme\x64\debug\assistive.obj
c:\users\hjhje\downloads\pmdsoftwarenion600\c-motionprp2sdk100\hostcode\examples\nioncme\x64\debug\analogexample.obj
c:\users\hjhje\downloads\pmdsoftwarenion600\c-motionprp2sdk100\hostcode\examples\nioncme\x64\debug\admittance.obj
c:\users\hjhje\downloads\pmdsoftwarenion600\c-motionprp2sdk100\hostcode\examples\nioncme\x64\debug\pmdrpperiph.obj
c:\users\hjhje\downloads\pmdsoftwarenion600\c-motionprp2sdk100\hostcode\examples\nioncme\x64\debug\pmdrpdevice.obj
c:\users\hjhje\downloads\pmdsoftwarenion600\c-motionprp2sdk100\hostcode\examples\nioncme\x64\debug\pmdrp.obj
c:\users\hjhje\downloads\pmdsoftwarenion600\c-motionprp2sdk100\hostcode\examples\nioncme\x64\debug\torqueresist2.sbr
c:\users\hjhje\downloads\pmdsoftwarenion600\c-motionprp2sdk100\hostcode\examples\nioncme\x64\debug\torqueresistmode.sbr
c:\users\hjhje\downloads\pmdsoftwarenion600\c-motionprp2sdk100\hostcode\examples\nioncme\x64\debug\tracetest.sbr
c:\users\hjhje\downloads\pmdsoftwarenion600\c-motionprp2sdk100\hostcode\examples\nioncme\x64\debug\write.sbr
c:\users\hjhje\downloads\pmdsoftwarenion600\c-motionprp2sdk100\hostcode\examples\nioncme\x64\debug\write2csv.sbr
c:\users\hjhje\downloads\pmdsoftwarenion600\c-motionprp2sdk100\hostcode\examples\nioncme\x64\debug\write2m.sbr
c:\users\hjhje\downloads\pmdsoftwarenion600\c-motionprp2sdk100\hostcode\examples\nioncme\x64\debug\write2xlsx.sbr
c:\users\hjhje\downloads\pmdsoftwarenion600\c-motionprp2sdk100\hostcode\examples\nioncme\x64\debug\writeexcel.sbr
c:\users\hjhje\downloads\pmdsoftwarenion600\c-motionprp2sdk100\hostcode\examples\nioncme\x64\debug\writeexcel2.sbr
c:\users\hjhje\downloads\pmdsoftwarenion600\c-motionprp2sdk100\hostcode\examples\nioncme\x64\debug\writeexceldirect.sbr
c:\users\hjhje\downloads\pmdsoftwarenion600\c-motionprp2sdk100\hostcode\examples\nioncme\x64\debug\writeexceldirectvec.sbr
c:\users\hjhje\downloads\pmdsoftwarenion600\c-motionprp2sdk100\hostcode\examples\nioncme\x64\debug\writeexceldirectvec.obj
c:\users\hjhje\downloads\pmdsoftwarenion600\c-motionprp2sdk100\hostcode\examples\nioncme\x64\debug\writeexceldirect.obj
c:\users\hjhje\downloads\pmdsoftwarenion600\c-motionprp2sdk100\hostcode\examples\nioncme\x64\debug\writeexcel2.obj
c:\users\hjhje\downloads\pmdsoftwarenion600\c-motionprp2sdk100\hostcode\examples\nioncme\x64\debug\writeexcel.obj
c:\users\hjhje\downloads\pmdsoftwarenion600\c-motionprp2sdk100\hostcode\examples\nioncme\x64\debug\write2xlsx.obj
c:\users\hjhje\downloads\pmdsoftwarenion600\c-motionprp2sdk100\hostcode\examples\nioncme\x64\debug\write2m.obj
c:\users\hjhje\downloads\pmdsoftwarenion600\c-motionprp2sdk100\hostcode\examples\nioncme\x64\debug\write2csv.obj
c:\users\hjhje\downloads\pmdsoftwarenion600\c-motionprp2sdk100\hostcode\examples\nioncme\x64\debug\write.obj
c:\users\hjhje\downloads\pmdsoftwarenion600\c-motionprp2sdk100\hostcode\examples\nioncme\x64\debug\tracetest.obj
c:\users\hjhje\downloads\pmdsoftwarenion600\c-motionprp2sdk100\hostcode\examples\nioncme\x64\debug\torqueresistmode.obj
c:\users\hjhje\downloads\pmdsoftwarenion600\c-motionprp2sdk100\hostcode\examples\nioncme\x64\debug\torqueresist2.obj
c:\users\hjhje\downloads\pmdsoftwarenion600\c-motionprp2sdk100\hostcode\examples\nioncme\x64\debug\nioncme.exe.intermediate.manifest
c:\users\hjhje\downloads\pmdsoftwarenion600\c-motionprp2sdk100\hostcode\examples\x64\debug\nioncme.pdb
c:\users\hjhje\downloads\pmdsoftwarenion600\c-motionprp2sdk100\hostcode\examples\nioncme\x64\debug\nioncme.tlog\cl.command.1.tlog
c:\users\hjhje\downloads\pmdsoftwarenion600\c-motionprp2sdk100\hostcode\examples\nioncme\x64\debug\nioncme.tlog\cl.read.1.tlog
c:\users\hjhje\downloads\pmdsoftwarenion600\c-motionprp2sdk100\hostcode\examples\nioncme\x64\debug\nioncme.tlog\cl.write.1.tlog
c:\users\hjhje\downloads\pmdsoftwarenion600\c-motionprp2sdk100\hostcode\examples\nioncme\x64\debug\nioncme.tlog\link.command.1.tlog
c:\users\hjhje\downloads\pmdsoftwarenion600\c-motionprp2sdk100\hostcode\examples\nioncme\x64\debug\nioncme.tlog\link.read.1.tlog
c:\users\hjhje\downloads\pmdsoftwarenion600\c-motionprp2sdk100\hostcode\examples\nioncme\x64\debug\nioncme.tlog\link.read.2.tlog
c:\users\hjhje\downloads\pmdsoftwarenion600\c-motionprp2sdk100\hostcode\examples\nioncme\x64\debug\nioncme.tlog\link.write.1.tlog
