c:\users\hjhje\downloads\pmdsoftwarenion600\c-motionprp2sdk100\hostcode\examples\nioncme\debug\nioncme.bsc
c:\users\hjhje\downloads\pmdsoftwarenion600\c-motionprp2sdk100\hostcode\examples\nioncme\debug\vc143.pdb
c:\users\hjhje\downloads\pmdsoftwarenion600\c-motionprp2sdk100\hostcode\examples\nioncme\debug\vc143.idb
c:\users\hjhje\downloads\pmdsoftwarenion600\c-motionprp2sdk100\hostcode\examples\nioncme\debug\c-motion.sbr
c:\users\hjhje\downloads\pmdsoftwarenion600\c-motionprp2sdk100\hostcode\examples\nioncme\debug\examples.sbr
c:\users\hjhje\downloads\pmdsoftwarenion600\c-motionprp2sdk100\hostcode\examples\nioncme\debug\pmdcan.sbr
c:\users\hjhje\downloads\pmdsoftwarenion600\c-motionprp2sdk100\hostcode\examples\nioncme\debug\pmdcommon.sbr
c:\users\hjhje\downloads\pmdsoftwarenion600\c-motionprp2sdk100\hostcode\examples\nioncme\debug\pmddiag.sbr
c:\users\hjhje\downloads\pmdsoftwarenion600\c-motionprp2sdk100\hostcode\examples\nioncme\debug\pmdixxatcan4.sbr
c:\users\hjhje\downloads\pmdsoftwarenion600\c-motionprp2sdk100\hostcode\examples\nioncme\debug\pmdopen.sbr
c:\users\hjhje\downloads\pmdsoftwarenion600\c-motionprp2sdk100\hostcode\examples\nioncme\debug\pmdpcan.sbr
c:\users\hjhje\downloads\pmdsoftwarenion600\c-motionprp2sdk100\hostcode\examples\nioncme\debug\pmdpser.sbr
c:\users\hjhje\downloads\pmdsoftwarenion600\c-motionprp2sdk100\hostcode\examples\nioncme\debug\pmdpspi.sbr
c:\users\hjhje\downloads\pmdsoftwarenion600\c-motionprp2sdk100\hostcode\examples\nioncme\debug\pmdptcp.sbr
c:\users\hjhje\downloads\pmdsoftwarenion600\c-motionprp2sdk100\hostcode\examples\nioncme\debug\pmdser.sbr
c:\users\hjhje\downloads\pmdsoftwarenion600\c-motionprp2sdk100\hostcode\examples\nioncme\debug\pmdspi.sbr
c:\users\hjhje\downloads\pmdsoftwarenion600\c-motionprp2sdk100\hostcode\examples\nioncme\debug\pmdtrans.sbr
c:\users\hjhje\downloads\pmdsoftwarenion600\c-motionprp2sdk100\hostcode\examples\nioncme\debug\pmdutil.sbr
c:\users\hjhje\downloads\pmdsoftwarenion600\c-motionprp2sdk100\hostcode\examples\nioncme\debug\nioncme.sbr
c:\users\hjhje\downloads\pmdsoftwarenion600\c-motionprp2sdk100\hostcode\examples\nioncme\debug\pro-motionexport.sbr
c:\users\hjhje\downloads\pmdsoftwarenion600\c-motionprp2sdk100\hostcode\examples\nioncme\debug\admittance2.sbr
c:\users\hjhje\downloads\pmdsoftwarenion600\c-motionprp2sdk100\hostcode\examples\nioncme\debug\assistive2.sbr
c:\users\hjhje\downloads\pmdsoftwarenion600\c-motionprp2sdk100\hostcode\examples\nioncme\debug\comfunctions.sbr
c:\users\hjhje\downloads\pmdsoftwarenion600\c-motionprp2sdk100\hostcode\examples\nioncme\debug\comfunctions.obj
c:\users\hjhje\downloads\pmdsoftwarenion600\c-motionprp2sdk100\hostcode\examples\nioncme\debug\assistive2.obj
c:\users\hjhje\downloads\pmdsoftwarenion600\c-motionprp2sdk100\hostcode\examples\nioncme\debug\admittance2.obj
c:\users\hjhje\downloads\pmdsoftwarenion600\c-motionprp2sdk100\hostcode\examples\nioncme\debug\pro-motionexport.obj
c:\users\hjhje\downloads\pmdsoftwarenion600\c-motionprp2sdk100\hostcode\examples\nioncme\debug\nioncme.obj
c:\users\hjhje\downloads\pmdsoftwarenion600\c-motionprp2sdk100\hostcode\examples\nioncme\debug\pmdutil.obj
c:\users\hjhje\downloads\pmdsoftwarenion600\c-motionprp2sdk100\hostcode\examples\nioncme\debug\pmdtrans.obj
c:\users\hjhje\downloads\pmdsoftwarenion600\c-motionprp2sdk100\hostcode\examples\nioncme\debug\pmdspi.obj
c:\users\hjhje\downloads\pmdsoftwarenion600\c-motionprp2sdk100\hostcode\examples\nioncme\debug\pmdser.obj
c:\users\hjhje\downloads\pmdsoftwarenion600\c-motionprp2sdk100\hostcode\examples\nioncme\debug\pmdptcp.obj
c:\users\hjhje\downloads\pmdsoftwarenion600\c-motionprp2sdk100\hostcode\examples\nioncme\debug\pmdpspi.obj
c:\users\hjhje\downloads\pmdsoftwarenion600\c-motionprp2sdk100\hostcode\examples\nioncme\debug\pmdpser.obj
c:\users\hjhje\downloads\pmdsoftwarenion600\c-motionprp2sdk100\hostcode\examples\nioncme\debug\pmdpcan.obj
c:\users\hjhje\downloads\pmdsoftwarenion600\c-motionprp2sdk100\hostcode\examples\nioncme\debug\pmdopen.obj
c:\users\hjhje\downloads\pmdsoftwarenion600\c-motionprp2sdk100\hostcode\examples\nioncme\debug\pmdixxatcan4.obj
c:\users\hjhje\downloads\pmdsoftwarenion600\c-motionprp2sdk100\hostcode\examples\nioncme\debug\pmddiag.obj
c:\users\hjhje\downloads\pmdsoftwarenion600\c-motionprp2sdk100\hostcode\examples\nioncme\debug\pmdcommon.obj
c:\users\hjhje\downloads\pmdsoftwarenion600\c-motionprp2sdk100\hostcode\examples\nioncme\debug\pmdcan.obj
c:\users\hjhje\downloads\pmdsoftwarenion600\c-motionprp2sdk100\hostcode\examples\nioncme\debug\examples.obj
c:\users\hjhje\downloads\pmdsoftwarenion600\c-motionprp2sdk100\hostcode\examples\nioncme\debug\c-motion.obj
c:\users\hjhje\downloads\pmdsoftwarenion600\c-motionprp2sdk100\hostcode\examples\nioncme\debug\fullmotionrange.sbr
c:\users\hjhje\downloads\pmdsoftwarenion600\c-motionprp2sdk100\hostcode\examples\nioncme\debug\loadcellfunctions.sbr
c:\users\hjhje\downloads\pmdsoftwarenion600\c-motionprp2sdk100\hostcode\examples\nioncme\debug\passivemode2.sbr
c:\users\hjhje\downloads\pmdsoftwarenion600\c-motionprp2sdk100\hostcode\examples\nioncme\debug\resisttorquegoal2.sbr
c:\users\hjhje\downloads\pmdsoftwarenion600\c-motionprp2sdk100\hostcode\examples\nioncme\debug\spimaster.sbr
c:\users\hjhje\downloads\pmdsoftwarenion600\c-motionprp2sdk100\hostcode\examples\nioncme\debug\spimaster.obj
c:\users\hjhje\downloads\pmdsoftwarenion600\c-motionprp2sdk100\hostcode\examples\nioncme\debug\resisttorquegoal2.obj
c:\users\hjhje\downloads\pmdsoftwarenion600\c-motionprp2sdk100\hostcode\examples\nioncme\debug\passivemode2.obj
c:\users\hjhje\downloads\pmdsoftwarenion600\c-motionprp2sdk100\hostcode\examples\nioncme\debug\loadcellfunctions.obj
c:\users\hjhje\downloads\pmdsoftwarenion600\c-motionprp2sdk100\hostcode\examples\nioncme\debug\fullmotionrange.obj
c:\users\hjhje\downloads\pmdsoftwarenion600\c-motionprp2sdk100\hostcode\examples\nioncme\debug\pmdrp.sbr
c:\users\hjhje\downloads\pmdsoftwarenion600\c-motionprp2sdk100\hostcode\examples\nioncme\debug\pmdrpdevice.sbr
c:\users\hjhje\downloads\pmdsoftwarenion600\c-motionprp2sdk100\hostcode\examples\nioncme\debug\pmdrpperiph.sbr
c:\users\hjhje\downloads\pmdsoftwarenion600\c-motionprp2sdk100\hostcode\examples\nioncme\debug\admittance.sbr
c:\users\hjhje\downloads\pmdsoftwarenion600\c-motionprp2sdk100\hostcode\examples\nioncme\debug\analogexample.sbr
c:\users\hjhje\downloads\pmdsoftwarenion600\c-motionprp2sdk100\hostcode\examples\nioncme\debug\assistive.sbr
c:\users\hjhje\downloads\pmdsoftwarenion600\c-motionprp2sdk100\hostcode\examples\nioncme\debug\comfunc.sbr
c:\users\hjhje\downloads\pmdsoftwarenion600\c-motionprp2sdk100\hostcode\examples\nioncme\debug\homecapture.sbr
c:\users\hjhje\downloads\pmdsoftwarenion600\c-motionprp2sdk100\hostcode\examples\nioncme\debug\loadcelltest.sbr
c:\users\hjhje\downloads\pmdsoftwarenion600\c-motionprp2sdk100\hostcode\examples\nioncme\debug\loadcelltest2.sbr
c:\users\hjhje\downloads\pmdsoftwarenion600\c-motionprp2sdk100\hostcode\examples\nioncme\debug\motioncomtest.sbr
c:\users\hjhje\downloads\pmdsoftwarenion600\c-motionprp2sdk100\hostcode\examples\nioncme\debug\motioncycle.sbr
c:\users\hjhje\downloads\pmdsoftwarenion600\c-motionprp2sdk100\hostcode\examples\nioncme\debug\passivemode.sbr
c:\users\hjhje\downloads\pmdsoftwarenion600\c-motionprp2sdk100\hostcode\examples\nioncme\debug\resistmode.sbr
c:\users\hjhje\downloads\pmdsoftwarenion600\c-motionprp2sdk100\hostcode\examples\nioncme\debug\resisttorquegoal.sbr
c:\users\hjhje\downloads\pmdsoftwarenion600\c-motionprp2sdk100\hostcode\examples\nioncme\debug\reversemove.sbr
c:\users\hjhje\downloads\pmdsoftwarenion600\c-motionprp2sdk100\hostcode\examples\nioncme\debug\settrace.sbr
c:\users\hjhje\downloads\pmdsoftwarenion600\c-motionprp2sdk100\hostcode\examples\nioncme\debug\stepinput.sbr
c:\users\hjhje\downloads\pmdsoftwarenion600\c-motionprp2sdk100\hostcode\examples\nioncme\debug\stepinput2.sbr
c:\users\hjhje\downloads\pmdsoftwarenion600\c-motionprp2sdk100\hostcode\examples\nioncme\debug\torqueanalog.sbr
c:\users\hjhje\downloads\pmdsoftwarenion600\c-motionprp2sdk100\hostcode\examples\nioncme\debug\torqueanalog.obj
c:\users\hjhje\downloads\pmdsoftwarenion600\c-motionprp2sdk100\hostcode\examples\nioncme\debug\stepinput2.obj
c:\users\hjhje\downloads\pmdsoftwarenion600\c-motionprp2sdk100\hostcode\examples\nioncme\debug\stepinput.obj
c:\users\hjhje\downloads\pmdsoftwarenion600\c-motionprp2sdk100\hostcode\examples\nioncme\debug\settrace.obj
c:\users\hjhje\downloads\pmdsoftwarenion600\c-motionprp2sdk100\hostcode\examples\nioncme\debug\reversemove.obj
c:\users\hjhje\downloads\pmdsoftwarenion600\c-motionprp2sdk100\hostcode\examples\nioncme\debug\resisttorquegoal.obj
c:\users\hjhje\downloads\pmdsoftwarenion600\c-motionprp2sdk100\hostcode\examples\nioncme\debug\resistmode.obj
c:\users\hjhje\downloads\pmdsoftwarenion600\c-motionprp2sdk100\hostcode\examples\nioncme\debug\passivemode.obj
c:\users\hjhje\downloads\pmdsoftwarenion600\c-motionprp2sdk100\hostcode\examples\nioncme\debug\motioncycle.obj
c:\users\hjhje\downloads\pmdsoftwarenion600\c-motionprp2sdk100\hostcode\examples\nioncme\debug\motioncomtest.obj
c:\users\hjhje\downloads\pmdsoftwarenion600\c-motionprp2sdk100\hostcode\examples\nioncme\debug\loadcelltest2.obj
c:\users\hjhje\downloads\pmdsoftwarenion600\c-motionprp2sdk100\hostcode\examples\nioncme\debug\loadcelltest.obj
c:\users\hjhje\downloads\pmdsoftwarenion600\c-motionprp2sdk100\hostcode\examples\nioncme\debug\homecapture.obj
c:\users\hjhje\downloads\pmdsoftwarenion600\c-motionprp2sdk100\hostcode\examples\nioncme\debug\comfunc.obj
c:\users\hjhje\downloads\pmdsoftwarenion600\c-motionprp2sdk100\hostcode\examples\nioncme\debug\assistive.obj
c:\users\hjhje\downloads\pmdsoftwarenion600\c-motionprp2sdk100\hostcode\examples\nioncme\debug\analogexample.obj
c:\users\hjhje\downloads\pmdsoftwarenion600\c-motionprp2sdk100\hostcode\examples\nioncme\debug\admittance.obj
c:\users\hjhje\downloads\pmdsoftwarenion600\c-motionprp2sdk100\hostcode\examples\nioncme\debug\pmdrpperiph.obj
c:\users\hjhje\downloads\pmdsoftwarenion600\c-motionprp2sdk100\hostcode\examples\nioncme\debug\pmdrpdevice.obj
c:\users\hjhje\downloads\pmdsoftwarenion600\c-motionprp2sdk100\hostcode\examples\nioncme\debug\pmdrp.obj
c:\users\hjhje\downloads\pmdsoftwarenion600\c-motionprp2sdk100\hostcode\examples\nioncme\debug\torquemode.sbr
c:\users\hjhje\downloads\pmdsoftwarenion600\c-motionprp2sdk100\hostcode\examples\nioncme\debug\torqueresist2.sbr
c:\users\hjhje\downloads\pmdsoftwarenion600\c-motionprp2sdk100\hostcode\examples\nioncme\debug\torqueresistmode.sbr
c:\users\hjhje\downloads\pmdsoftwarenion600\c-motionprp2sdk100\hostcode\examples\nioncme\debug\tracetest.sbr
c:\users\hjhje\downloads\pmdsoftwarenion600\c-motionprp2sdk100\hostcode\examples\nioncme\debug\write.sbr
c:\users\hjhje\downloads\pmdsoftwarenion600\c-motionprp2sdk100\hostcode\examples\nioncme\debug\write2csv.sbr
c:\users\hjhje\downloads\pmdsoftwarenion600\c-motionprp2sdk100\hostcode\examples\nioncme\debug\write2m.sbr
c:\users\hjhje\downloads\pmdsoftwarenion600\c-motionprp2sdk100\hostcode\examples\nioncme\debug\write2xlsx.sbr
c:\users\hjhje\downloads\pmdsoftwarenion600\c-motionprp2sdk100\hostcode\examples\nioncme\debug\writeexcel.sbr
c:\users\hjhje\downloads\pmdsoftwarenion600\c-motionprp2sdk100\hostcode\examples\nioncme\debug\writeexcel2.sbr
c:\users\hjhje\downloads\pmdsoftwarenion600\c-motionprp2sdk100\hostcode\examples\nioncme\debug\writeexceldirect.sbr
c:\users\hjhje\downloads\pmdsoftwarenion600\c-motionprp2sdk100\hostcode\examples\nioncme\debug\writeexceldirectvec.sbr
c:\users\hjhje\downloads\pmdsoftwarenion600\c-motionprp2sdk100\hostcode\examples\nioncme\debug\writeexceldirectvec.obj
c:\users\hjhje\downloads\pmdsoftwarenion600\c-motionprp2sdk100\hostcode\examples\nioncme\debug\writeexceldirect.obj
c:\users\hjhje\downloads\pmdsoftwarenion600\c-motionprp2sdk100\hostcode\examples\nioncme\debug\writeexcel2.obj
c:\users\hjhje\downloads\pmdsoftwarenion600\c-motionprp2sdk100\hostcode\examples\nioncme\debug\writeexcel.obj
c:\users\hjhje\downloads\pmdsoftwarenion600\c-motionprp2sdk100\hostcode\examples\nioncme\debug\write2xlsx.obj
c:\users\hjhje\downloads\pmdsoftwarenion600\c-motionprp2sdk100\hostcode\examples\nioncme\debug\write2m.obj
c:\users\hjhje\downloads\pmdsoftwarenion600\c-motionprp2sdk100\hostcode\examples\nioncme\debug\write2csv.obj
c:\users\hjhje\downloads\pmdsoftwarenion600\c-motionprp2sdk100\hostcode\examples\nioncme\debug\write.obj
c:\users\hjhje\downloads\pmdsoftwarenion600\c-motionprp2sdk100\hostcode\examples\nioncme\debug\tracetest.obj
c:\users\hjhje\downloads\pmdsoftwarenion600\c-motionprp2sdk100\hostcode\examples\nioncme\debug\torqueresistmode.obj
c:\users\hjhje\downloads\pmdsoftwarenion600\c-motionprp2sdk100\hostcode\examples\nioncme\debug\torqueresist2.obj
c:\users\hjhje\downloads\pmdsoftwarenion600\c-motionprp2sdk100\hostcode\examples\nioncme\debug\torquemode.obj
c:\users\hjhje\downloads\pmdsoftwarenion600\c-motionprp2sdk100\hostcode\examples\nioncme\debug\nioncme.exe.manifest
c:\users\hjhje\downloads\pmdsoftwarenion600\c-motionprp2sdk100\hostcode\examples\nioncme\debug\nioncme.ilk
c:\users\hjhje\downloads\pmdsoftwarenion600\c-motionprp2sdk100\hostcode\examples\nioncme\debug\loadcellfunctions.obj.enc
c:\users\hjhje\downloads\pmdsoftwarenion600\c-motionprp2sdk100\hostcode\examples\nioncme\debug\nioncme.exe.intermediate.manifest
c:\users\hjhje\downloads\pmdsoftwarenion600\c-motionprp2sdk100\hostcode\examples\nioncme\debug\nioncme.pdb
c:\users\hjhje\downloads\pmdsoftwarenion600\c-motionprp2sdk100\hostcode\examples\nioncme\debug\nioncme.tlog\bscmake.command.1.tlog
c:\users\hjhje\downloads\pmdsoftwarenion600\c-motionprp2sdk100\hostcode\examples\nioncme\debug\nioncme.tlog\bscmake.read.1.tlog
c:\users\hjhje\downloads\pmdsoftwarenion600\c-motionprp2sdk100\hostcode\examples\nioncme\debug\nioncme.tlog\bscmake.write.1.tlog
c:\users\hjhje\downloads\pmdsoftwarenion600\c-motionprp2sdk100\hostcode\examples\nioncme\debug\nioncme.tlog\cl.command.1.tlog
c:\users\hjhje\downloads\pmdsoftwarenion600\c-motionprp2sdk100\hostcode\examples\nioncme\debug\nioncme.tlog\cl.items.tlog
c:\users\hjhje\downloads\pmdsoftwarenion600\c-motionprp2sdk100\hostcode\examples\nioncme\debug\nioncme.tlog\cl.read.1.tlog
c:\users\hjhje\downloads\pmdsoftwarenion600\c-motionprp2sdk100\hostcode\examples\nioncme\debug\nioncme.tlog\cl.write.1.tlog
c:\users\hjhje\downloads\pmdsoftwarenion600\c-motionprp2sdk100\hostcode\examples\nioncme\debug\nioncme.tlog\link.command.1.tlog
c:\users\hjhje\downloads\pmdsoftwarenion600\c-motionprp2sdk100\hostcode\examples\nioncme\debug\nioncme.tlog\link.read.1.tlog
c:\users\hjhje\downloads\pmdsoftwarenion600\c-motionprp2sdk100\hostcode\examples\nioncme\debug\nioncme.tlog\link.secondary.1.tlog
c:\users\hjhje\downloads\pmdsoftwarenion600\c-motionprp2sdk100\hostcode\examples\nioncme\debug\nioncme.tlog\link.write.1.tlog
c:\users\hjhje\downloads\pmdsoftwarenion600\c-motionprp2sdk100\hostcode\examples\nioncme\debug\nioncme.tlog\mt.command.1.tlog
c:\users\hjhje\downloads\pmdsoftwarenion600\c-motionprp2sdk100\hostcode\examples\nioncme\debug\nioncme.tlog\mt.read.1.tlog
c:\users\hjhje\downloads\pmdsoftwarenion600\c-motionprp2sdk100\hostcode\examples\nioncme\debug\nioncme.tlog\mt.write.1.tlog
